<?xml version="1.0" encoding="UTF-8"?>
<!-- Generated by org.testng.reporters.JUnitReportReporter -->
<testsuite hostname="vasu-PC" name="com.vasu.testng.BeforeTestAndAfterTest" tests="1" failures="0" timestamp="14 Mar 2019 15:09:34 GMT" time="0.990" errors="0">
  <testcase name="appLogin" time="0.990" classname="com.vasu.testng.BeforeTestAndAfterTest"/>
</testsuite> <!-- com.vasu.testng.BeforeTestAndAfterTest -->
