<?xml version="1.0" encoding="UTF-8"?>
<!-- Generated by org.testng.reporters.JUnitReportReporter -->
<testsuite hostname="vasu-PC" name="com.vasu.testng.Validation" tests="1" failures="0" timestamp="14 Mar 2019 15:07:29 GMT" time="0.026" errors="0">
  <testcase name="validation" time="0.026" classname="com.vasu.testng.Validation"/>
</testsuite> <!-- com.vasu.testng.Validation -->
