<?xml version="1.0" encoding="UTF-8"?>
<!-- Generated by org.testng.reporters.JUnitReportReporter -->
<testsuite hostname="vasu-PC" name="com.vasu.testng.BranchDeletion" tests="1" failures="0" timestamp="15 Mar 2019 14:49:22 GMT" time="0.001" errors="0">
  <testcase name="branchDeletion" time="0.001" classname="com.vasu.testng.BranchDeletion"/>
</testsuite> <!-- com.vasu.testng.BranchDeletion -->
