<?xml version="1.0" encoding="UTF-8"?>
<!-- Generated by org.testng.reporters.JUnitReportReporter -->
<testsuite hostname="vasu-PC" name="com.vasu.testng.MultipleTestNg" tests="3" failures="0" timestamp="14 Mar 2019 14:50:15 GMT" time="0.005" errors="0">
  <testcase name="appLogin" time="0.001" classname="com.vasu.testng.MultipleTestNg"/>
  <testcase name="appClose" time="0.002" classname="com.vasu.testng.MultipleTestNg"/>
  <testcase name="appLaunch" time="0.002" classname="com.vasu.testng.MultipleTestNg"/>
</testsuite> <!-- com.vasu.testng.MultipleTestNg -->
