<?xml version="1.0" encoding="UTF-8"?>
<!-- Generated by org.testng.reporters.JUnitReportReporter -->
<testsuite hostname="vasu-PC" name="com.vasu.testng.AdminLoginTest" tests="1" failures="0" timestamp="14 Mar 2019 14:50:15 GMT" time="9.947" errors="0">
  <testcase name="adminLogin" time="9.947" classname="com.vasu.testng.AdminLoginTest"/>
</testsuite> <!-- com.vasu.testng.AdminLoginTest -->
