<?xml version="1.0" encoding="UTF-8"?>
<!-- Generated by org.testng.reporters.JUnitReportReporter -->
<testsuite hostname="vasu-PC" name="com.vasu.testng.AnnotationTest" tests="2" failures="0" timestamp="14 Mar 2019 14:50:15 GMT" time="0.003" errors="0">
  <testcase name="method2" time="0.001" classname="com.vasu.testng.AnnotationTest"/>
  <testcase name="method1" time="0.002" classname="com.vasu.testng.AnnotationTest"/>
</testsuite> <!-- com.vasu.testng.AnnotationTest -->
