<?xml version="1.0" encoding="UTF-8"?>
<!-- Generated by org.testng.reporters.JUnitReportReporter -->
<testsuite hostname="vasu-PC" name="com.vasu.excel.ReadingTest" tests="1" failures="0" timestamp="15 Mar 2019 15:03:51 GMT" time="0.928" errors="0">
  <testcase name="read" time="0.928" classname="com.vasu.excel.ReadingTest"/>
</testsuite> <!-- com.vasu.excel.ReadingTest -->
